[handleMsg]:  {
  key: {
    remoteJid: '5212223632487@s.whatsapp.net',
    fromMe: false,
    id: 'E7A3E5353D44B473D2A837F43949F12E',
    participant: undefined
  },
  messageTimestamp: 1693276163,
  pushName: 'Jair',
  broadcast: false,
  message: Message {
    conversation: 'Hola',
    messageContextInfo: MessageContextInfo {
      deviceListMetadata: [DeviceListMetadata],
      deviceListMetadataVersion: 2
    }
  },
  body: 'Hola',
  from: '5212223632487'
}
[handleMsg]:  {
  key: {
    remoteJid: '5212223632487@s.whatsapp.net',
    fromMe: false,
    id: 'F1E6AB116C670157D9A4A00636235FF1',
    participant: undefined
  },
  messageTimestamp: 1693276167,
  pushName: 'Jair',
  broadcast: false,
  message: Message {
    conversation: 'Estás ahí?',
    messageContextInfo: MessageContextInfo {
      deviceListMetadata: [DeviceListMetadata],
      deviceListMetadataVersion: 2
    }
  },
  body: 'Estás ahí?',
  from: '5212223632487'
}
[handleMsg]:  {
  key: {
    remoteJid: '5212223632487@s.whatsapp.net',
    fromMe: false,
    id: '0227B94861445E1D9B74C772FB7A249E',
    participant: undefined
  },
  messageTimestamp: 1693276176,
  pushName: 'Jair',
  broadcast: false,
  message: Message {
    conversation: 'Que haces?',
    messageContextInfo: MessageContextInfo {
      deviceListMetadata: [DeviceListMetadata],
      deviceListMetadataVersion: 2
    }
  },
  body: 'Que haces?',
  from: '5212223632487'
}
